{"C:\\Users\\а733\\OneDrive\\Рабочий стол\\домашки\\прокси\\ajs-homeworks\\src\\destructuring.js": {"path":"C:\\Users\\а733\\OneDrive\\Рабочий стол\\домашки\\прокси\\ajs-homeworks\\src\\destructuring.js","statementMap":{"0":{"start":{"line":1,"column":25},"end":{"line":22,"column":1}},"1":{"start":{"line":24,"column":15},"end":{"line":24,"column":17}},"2":{"start":{"line":25,"column":2},"end":{"line":28,"column":3}},"3":{"start":{"line":26,"column":63},"end":{"line":26,"column":85}},"4":{"start":{"line":27,"column":4},"end":{"line":27,"column":48}},"5":{"start":{"line":29,"column":2},"end":{"line":29,"column":15}},"6":{"start":{"line":31,"column":25},"end":{"line":31,"column":46}},"7":{"start":{"line":32,"column":0},"end":{"line":32,"column":46}}},"fnMap":{"0":{"name":"getSpecialValue","decl":{"start":{"line":23,"column":16},"end":{"line":23,"column":31}},"loc":{"start":{"line":23,"column":57},"end":{"line":30,"column":1}},"line":23}},"branchMap":{"0":{"loc":{"start":{"line":26,"column":26},"end":{"line":26,"column":58}},"type":"default-arg","locations":[{"start":{"line":26,"column":40},"end":{"line":26,"column":58}}],"line":26}},"s":{"0":1,"1":2,"2":2,"3":4,"4":4,"5":2,"6":1,"7":1},"f":{"0":2},"b":{"0":[2]},"_coverageSchema":"1a1c01bbd47fc00a2c39e90264f33305004495a9","hash":"e9073efcefbba09e4769617ad435ce36b5266ea4"}
,"C:\\Users\\а733\\OneDrive\\Рабочий стол\\домашки\\прокси\\ajs-homeworks\\src\\index.js": {"path":"C:\\Users\\а733\\OneDrive\\Рабочий стол\\домашки\\прокси\\ajs-homeworks\\src\\index.js","statementMap":{"0":{"start":{"line":1,"column":19},"end":{"line":1,"column":84}},"1":{"start":{"line":4,"column":17},"end":{"line":4,"column":19}},"2":{"start":{"line":5,"column":4},"end":{"line":12,"column":5}},"3":{"start":{"line":6,"column":8},"end":{"line":6,"column":50}},"4":{"start":{"line":7,"column":8},"end":{"line":11,"column":10}},"5":{"start":{"line":8,"column":12},"end":{"line":8,"column":51}},"6":{"start":{"line":8,"column":41},"end":{"line":8,"column":49}},"7":{"start":{"line":9,"column":12},"end":{"line":9,"column":50}},"8":{"start":{"line":9,"column":39},"end":{"line":9,"column":48}},"9":{"start":{"line":10,"column":12},"end":{"line":10,"column":66}},"10":{"start":{"line":10,"column":55},"end":{"line":10,"column":64}},"11":{"start":{"line":13,"column":4},"end":{"line":13,"column":17}},"12":{"start":{"line":15,"column":0},"end":{"line":15,"column":36}}},"fnMap":{"0":{"name":"orderByProps","decl":{"start":{"line":3,"column":16},"end":{"line":3,"column":28}},"loc":{"start":{"line":3,"column":56},"end":{"line":14,"column":1}},"line":3},"1":{"name":"(anonymous_1)","decl":{"start":{"line":7,"column":20},"end":{"line":7,"column":21}},"loc":{"start":{"line":7,"column":36},"end":{"line":11,"column":9}},"line":7}},"branchMap":{"0":{"loc":{"start":{"line":8,"column":12},"end":{"line":8,"column":51}},"type":"if","locations":[{"start":{"line":8,"column":12},"end":{"line":8,"column":51}},{"start":{},"end":{}}],"line":8},"1":{"loc":{"start":{"line":9,"column":12},"end":{"line":9,"column":50}},"type":"if","locations":[{"start":{"line":9,"column":12},"end":{"line":9,"column":50}},{"start":{},"end":{}}],"line":9},"2":{"loc":{"start":{"line":10,"column":12},"end":{"line":10,"column":66}},"type":"if","locations":[{"start":{"line":10,"column":12},"end":{"line":10,"column":66}},{"start":{},"end":{}}],"line":10}},"s":{"0":1,"1":3,"2":3,"3":15,"4":15,"5":52,"6":21,"7":31,"8":10,"9":21,"10":13,"11":3,"12":1},"f":{"0":3,"1":52},"b":{"0":[21,31],"1":[10,21],"2":[13,8]},"_coverageSchema":"1a1c01bbd47fc00a2c39e90264f33305004495a9","hash":"f0be777c42dc8db51da12c4503d8760acba7f67c"}
}
