TN:
SF:src\destructuring.js
FN:23,getSpecialValue
FNF:1
FNH:1
FNDA:2,getSpecialValue
DA:1,1
DA:24,2
DA:25,2
DA:26,4
DA:27,4
DA:29,2
DA:31,1
DA:32,1
LF:8
LH:8
BRDA:26,0,0,2
BRF:1
BRH:1
end_of_record
TN:
SF:src\index.js
FN:3,orderByProps
FN:7,(anonymous_1)
FNF:2
FNH:2
FNDA:3,orderByProps
FNDA:52,(anonymous_1)
DA:1,1
DA:4,3
DA:5,3
DA:6,15
DA:7,15
DA:8,52
DA:9,31
DA:10,21
DA:13,3
DA:15,1
LF:10
LH:10
BRDA:8,0,0,21
BRDA:8,0,1,31
BRDA:9,1,0,10
BRDA:9,1,1,21
BRDA:10,2,0,13
BRDA:10,2,1,8
BRF:6
BRH:6
end_of_record
